<?xml version="1.0" encoding="UTF-8"?>
<!-- Generated by org.testng.reporters.JUnitReportReporter -->
<testsuite skipped="0" hostname="LAPTOP-9T6JMJ0J" name="test.BookingHomePageTest" tests="2" failures="0" timestamp="22 Jul 2021 18:14:17 GMT" time="72.230" errors="0">
  <testcase name="searchDestination" time="23.218" classname="test.BookingHomePageTest"/>
  <testcase name="findHotel" time="49.012" classname="test.BookingHomePageTest"/>
</testsuite> <!-- test.BookingHomePageTest -->
