<?xml version="1.0" encoding="UTF-8"?>
<!-- Generated by org.testng.reporters.JUnitReportReporter -->
<testsuite skipped="0" hostname="LAPTOP-9T6JMJ0J" name="test.BookingTest" tests="2" failures="0" timestamp="08 Aug 2021 17:10:38 GMT" time="50.015" errors="0">
  <testcase name="searchDestination" time="16.853" classname="test.BookingTest"/>
  <testcase name="findHotel" time="33.162" classname="test.BookingTest"/>
</testsuite> <!-- test.BookingTest -->
